<?xml version="1.0" encoding="UTF-8"?>
<testsuites name="jest tests" tests="4" failures="4" time="21.391">
  <testsuite name="Contacts APP" errors="0" failures="4" skipped="0" timestamp="2020-05-08T23:13:30" time="16.89" tests="4">
    <testcase classname="Contacts APP Should render Contact component" name="Contacts APP Should render Contact component" time="0.042">
      <failure>Error: Unable to find an element by: [data-testid=&quot;contact&quot;]

&lt;body&gt;
  &lt;div&gt;
    &lt;article
      class=&quot;contact&quot;
    &gt;
      &lt;span
        class=&quot;contact__avatar&quot;
      &gt;
        &lt;img
          alt=&quot;&quot;
          src=&quot;&quot;
        /&gt;
      &lt;/span&gt;
      &lt;span
        class=&quot;contact__data&quot;
      /&gt;
      &lt;span
        class=&quot;contact__data&quot;
      /&gt;
      &lt;span
        class=&quot;contact__data&quot;
      /&gt;
      &lt;span
        class=&quot;contact__data&quot;
      /&gt;
      &lt;span
        class=&quot;contact__data&quot;
      /&gt;
      &lt;span
        class=&quot;contact__data&quot;
      /&gt;
    &lt;/article&gt;
  &lt;/div&gt;
&lt;/body&gt;
    at Object.getElementError (/home/xd/codenation/react-13/node_modules/@testing-library/dom/dist/config.js:34:12)
    at /home/xd/codenation/react-13/node_modules/@testing-library/dom/dist/query-helpers.js:71:38
    at getByTestId (/home/xd/codenation/react-13/node_modules/@testing-library/dom/dist/query-helpers.js:54:17)
    at Object.&lt;anonymous&gt; (/home/xd/codenation/react-13/src/__tests__/submit.test.js:22:21)
    at Object.asyncJestTest (/home/xd/codenation/react-13/node_modules/jest-jasmine2/build/jasmineAsyncInstall.js:102:37)
    at /home/xd/codenation/react-13/node_modules/jest-jasmine2/build/queueRunner.js:43:12
    at new Promise (&lt;anonymous&gt;)
    at mapper (/home/xd/codenation/react-13/node_modules/jest-jasmine2/build/queueRunner.js:26:19)
    at /home/xd/codenation/react-13/node_modules/jest-jasmine2/build/queueRunner.js:73:41
    at processTicksAndRejections (internal/process/task_queues.js:97:5)</failure>
    </testcase>
    <testcase classname="Contacts APP Should render Contacts component" name="Contacts APP Should render Contacts component" time="0.012">
      <failure>Error: Unable to find an element by: [data-testid=&quot;contacts&quot;]

&lt;body&gt;
  &lt;div&gt;
    &lt;section
      class=&quot;contacts&quot;
    &gt;
      &lt;article
        class=&quot;contact&quot;
      &gt;
        &lt;span
          class=&quot;contact__avatar&quot;
        /&gt;
        &lt;span
          class=&quot;contact__data&quot;
        &gt;
          Nome
        &lt;/span&gt;
        &lt;span
          class=&quot;contact__data&quot;
        &gt;
          Telefone
        &lt;/span&gt;
        &lt;span
          class=&quot;contact__data&quot;
        &gt;
          País
        &lt;/span&gt;
        &lt;span
          class=&quot;contact__data&quot;
        &gt;
          Admissão
        &lt;/span&gt;
        &lt;span
          class=&quot;contact__data&quot;
        &gt;
          Empresa
        &lt;/span&gt;
        &lt;span
          class=&quot;contact__data&quot;
        &gt;
          Departamento
        &lt;/span&gt;
      &lt;/article&gt;
    &lt;/section&gt;
  &lt;/div&gt;
&lt;/body&gt;
    at Object.getElementError (/home/xd/codenation/react-13/node_modules/@testing-library/dom/dist/config.js:34:12)
    at /home/xd/codenation/react-13/node_modules/@testing-library/dom/dist/query-helpers.js:71:38
    at getByTestId (/home/xd/codenation/react-13/node_modules/@testing-library/dom/dist/query-helpers.js:54:17)
    at Object.&lt;anonymous&gt; (/home/xd/codenation/react-13/src/__tests__/submit.test.js:30:21)
    at Object.asyncJestTest (/home/xd/codenation/react-13/node_modules/jest-jasmine2/build/jasmineAsyncInstall.js:102:37)
    at /home/xd/codenation/react-13/node_modules/jest-jasmine2/build/queueRunner.js:43:12
    at new Promise (&lt;anonymous&gt;)
    at mapper (/home/xd/codenation/react-13/node_modules/jest-jasmine2/build/queueRunner.js:26:19)
    at /home/xd/codenation/react-13/node_modules/jest-jasmine2/build/queueRunner.js:73:41</failure>
    </testcase>
    <testcase classname="Contacts APP Should render Filters component" name="Contacts APP Should render Filters component" time="0.027">
      <failure>Error: Unable to find an element by: [data-testid=&quot;filters&quot;]

&lt;body&gt;
  &lt;div&gt;
    &lt;section
      class=&quot;filters&quot;
    &gt;
      &lt;div
        class=&quot;filters__search&quot;
      &gt;
        &lt;input
          class=&quot;filters__search__input&quot;
          placeholder=&quot;Pesquisar&quot;
          type=&quot;text&quot;
          value=&quot;&quot;
        /&gt;
        &lt;button
          class=&quot;filters__search__icon&quot;
        &gt;
          &lt;i
            class=&quot;fa fa-search&quot;
          /&gt;
        &lt;/button&gt;
      &lt;/div&gt;
      &lt;button
        class=&quot;filters__item false&quot;
      &gt;
        Nome
      &lt;/button&gt;
      &lt;button
        class=&quot;filters__item false&quot;
      &gt;
        País
      &lt;/button&gt;
      &lt;button
        class=&quot;filters__item false&quot;
      &gt;
        Empresa
      &lt;/button&gt;
      &lt;button
        class=&quot;filters__item false&quot;
      &gt;
        Departamento
      &lt;/button&gt;
      &lt;button
        class=&quot;filters__item false&quot;
      &gt;
        Data de admissão
      &lt;/button&gt;
    &lt;/section&gt;
  &lt;/div&gt;
&lt;/body&gt;
    at Object.getElementError (/home/xd/codenation/react-13/node_modules/@testing-library/dom/dist/config.js:34:12)
    at /home/xd/codenation/react-13/node_modules/@testing-library/dom/dist/query-helpers.js:71:38
    at getByTestId (/home/xd/codenation/react-13/node_modules/@testing-library/dom/dist/query-helpers.js:54:17)
    at Object.&lt;anonymous&gt; (/home/xd/codenation/react-13/src/__tests__/submit.test.js:38:21)
    at Object.asyncJestTest (/home/xd/codenation/react-13/node_modules/jest-jasmine2/build/jasmineAsyncInstall.js:102:37)
    at /home/xd/codenation/react-13/node_modules/jest-jasmine2/build/queueRunner.js:43:12
    at new Promise (&lt;anonymous&gt;)
    at mapper (/home/xd/codenation/react-13/node_modules/jest-jasmine2/build/queueRunner.js:26:19)
    at /home/xd/codenation/react-13/node_modules/jest-jasmine2/build/queueRunner.js:73:41</failure>
    </testcase>
    <testcase classname="Contacts APP Should render Topbar component" name="Contacts APP Should render Topbar component" time="0.009">
      <failure>Error: Unable to find an element by: [data-testid=&quot;topbar&quot;]

&lt;body&gt;
  &lt;div&gt;
    &lt;header
      class=&quot;topbar&quot;
    &gt;
      &lt;div
        class=&quot;container&quot;
      &gt;
        &lt;a
          class=&quot;topbar__logo&quot;
          href=&quot;/&quot;
        &gt;
          &lt;svg
            alt=&quot;Logo Instagram&quot;
          &gt;
            logo.svg
          &lt;/svg&gt;
        &lt;/a&gt;
      &lt;/div&gt;
    &lt;/header&gt;
  &lt;/div&gt;
&lt;/body&gt;
    at Object.getElementError (/home/xd/codenation/react-13/node_modules/@testing-library/dom/dist/config.js:34:12)
    at /home/xd/codenation/react-13/node_modules/@testing-library/dom/dist/query-helpers.js:71:38
    at getByTestId (/home/xd/codenation/react-13/node_modules/@testing-library/dom/dist/query-helpers.js:54:17)
    at Object.&lt;anonymous&gt; (/home/xd/codenation/react-13/src/__tests__/submit.test.js:46:21)
    at Object.asyncJestTest (/home/xd/codenation/react-13/node_modules/jest-jasmine2/build/jasmineAsyncInstall.js:102:37)
    at /home/xd/codenation/react-13/node_modules/jest-jasmine2/build/queueRunner.js:43:12
    at new Promise (&lt;anonymous&gt;)
    at mapper (/home/xd/codenation/react-13/node_modules/jest-jasmine2/build/queueRunner.js:26:19)
    at /home/xd/codenation/react-13/node_modules/jest-jasmine2/build/queueRunner.js:73:41</failure>
    </testcase>
  </testsuite>
</testsuites>